<?xml version="1.0" encoding="UTF-8"?>
<!-- Generated by org.testng.reporters.JUnitReportReporter -->
<testsuite skipped="0" hostname="DESKTOP-6EHV10K" name="E2E.E2E1.TC_001" tests="1" failures="0" timestamp="27 Sep 2021 16:05:21 GMT" time="20.992" errors="0">
  <testcase name="testcase1" time="20.992" classname="E2E.E2E1.TC_001"/>
</testsuite> <!-- E2E.E2E1.TC_001 -->
