<?xml version="1.0" encoding="UTF-8"?>
<!-- Generated by org.testng.reporters.JUnitReportReporter -->
<testsuite skipped="0" hostname="DESKTOP-6EHV10K" name="E2E.E2E1.TC_002" tests="1" failures="0" timestamp="27 Sep 2021 16:38:01 GMT" time="13.052" errors="0">
  <testcase name="testcase1" time="13.052" classname="E2E.E2E1.TC_002"/>
</testsuite> <!-- E2E.E2E1.TC_002 -->
